<?xml version="1.0" encoding="UTF-8"?>
<testng-results ignored="0" total="1" passed="1" failed="0" skipped="0">
  <reporter-output>
  </reporter-output>
  <suite started-at="2023-04-20T10:25:42 IST" name="Default suite" finished-at="2023-04-20T10:25:50 IST" duration-ms="7790">
    <groups>
    </groups>
    <test started-at="2023-04-20T10:25:42 IST" name="Default test" finished-at="2023-04-20T10:25:50 IST" duration-ms="7790">
      <class name="tests.TestLogin">
        <test-method is-config="true" signature="setup()[pri:0, instance:tests.TestLogin@1ed6388a]" started-at="2023-04-20T10:25:43 IST" name="setup" finished-at="2023-04-20T10:25:48 IST" duration-ms="5497" status="PASS">
          <reporter-output>
          </reporter-output>
        </test-method> <!-- setup -->
        <test-method signature="test_Home_Page_Appear_Correct()[pri:0, instance:tests.TestLogin@1ed6388a]" started-at="2023-04-20T10:25:48 IST" name="test_Home_Page_Appear_Correct" finished-at="2023-04-20T10:25:50 IST" duration-ms="2253" status="PASS">
          <reporter-output>
          </reporter-output>
        </test-method> <!-- test_Home_Page_Appear_Correct -->
      </class> <!-- tests.TestLogin -->
    </test> <!-- Default test -->
  </suite> <!-- Default suite -->
</testng-results>
